#
# There is insufficient memory for the Java Runtime Environment to continue.
# Native memory allocation (malloc) failed to allocate 1771216 bytes for Chunk::new
# Possible reasons:
#   The system is out of physical RAM or swap space
#   The process is running with CompressedOops enabled, and the Java Heap may be blocking the growth of the native heap
# Possible solutions:
#   Reduce memory load on the system
#   Increase physical memory or swap space
#   Check if swap backing store is full
#   Decrease Java heap size (-Xmx/-Xms)
#   Decrease number of Java threads
#   Decrease Java thread stack sizes (-Xss)
#   Set larger code cache with -XX:ReservedCodeCacheSize=
#   JVM is running with Unscaled Compressed Oops mode in which the Java heap is
#     placed in the first 4GB address space. The Java Heap base address is the
#     maximum limit for the native heap growth. Please use -XX:HeapBaseMinAddress
#     to set the Java Heap base and to place the Java Heap above 4GB virtual address.
# This output file may be truncated or incomplete.
#
#  Out of Memory Error (arena.cpp:191), pid=15880, tid=14584
#
# JRE version: OpenJDK Runtime Environment Temurin-17.0.9+9 (17.0.9+9) (build 17.0.9+9)
# Java VM: OpenJDK 64-Bit Server VM Temurin-17.0.9+9 (17.0.9+9, mixed mode, tiered, compressed oops, compressed class ptrs, parallel gc, windows-amd64)
# No core dump will be written. Minidumps are not enabled by default on client versions of Windows
#

---------------  S U M M A R Y ------------

Command Line: --add-modules=ALL-SYSTEM --add-opens=java.base/java.util=ALL-UNNAMED --add-opens=java.base/java.lang=ALL-UNNAMED --add-opens=java.base/sun.nio.fs=ALL-UNNAMED -Declipse.application=org.eclipse.jdt.ls.core.id1 -Dosgi.bundles.defaultStartLevel=4 -Declipse.product=org.eclipse.jdt.ls.core.product -Djava.import.generatesMetadataFilesAtProjectRoot=false -DDetectVMInstallationsJob.disabled=true -Dfile.encoding=utf8 -XX:+UseParallelGC -XX:GCTimeRatio=4 -XX:AdaptiveSizePolicyWeight=90 -Dsun.zip.disableMemoryMapping=true -Xmx1G -Xms100m -Xlog:disable -javaagent:c:\Users\Youcode\.vscode\extensions\redhat.java-1.25.1-win32-x64\lombok\lombok-1.18.30.jar -XX:+HeapDumpOnOutOfMemoryError -XX:HeapDumpPath=c:\Users\Youcode\AppData\Roaming\Code\User\workspaceStorage\2b004c519599c178a5f83e89781b5b6a\redhat.java -Daether.dependencyCollector.impl=bf c:\Users\Youcode\.vscode\extensions\redhat.java-1.25.1-win32-x64\server\plugins\org.eclipse.equinox.launcher_1.6.600.v20231106-1826.jar -configuration c:\Users\Youcode\AppData\Roaming\Code\User\globalStorage\redhat.java\1.25.1\config_win -data c:\Users\Youcode\AppData\Roaming\Code\User\workspaceStorage\2b004c519599c178a5f83e89781b5b6a\redhat.java\jdt_ws --stdio

Host: 11th Gen Intel(R) Core(TM) i5-1135G7 @ 2.40GHz, 8 cores, 7G,  Windows 11 , 64 bit Build 22621 (10.0.22621.2506)
Time: Wed Dec 27 13:12:57 2023 Morocco Daylight Time elapsed time: 6.488440 seconds (0d 0h 0m 6s)

---------------  T H R E A D  ---------------

Current thread (0x000001cccb05eb40):  JavaThread "C2 CompilerThread0" daemon [_thread_in_native, id=14584, stack(0x00000066ec000000,0x00000066ec100000)]


Current CompileTask:
C2:   6488 4841   !   4       org.eclipse.osgi.internal.loader.classpath.ClasspathManager::defineClass (636 bytes)

Stack: [0x00000066ec000000,0x00000066ec100000]
Native frames: (J=compiled Java code, j=interpreted, Vv=VM code, C=native code)
V  [jvm.dll+0x67cf49]
V  [jvm.dll+0x83478a]
V  [jvm.dll+0x83624e]
V  [jvm.dll+0x8368b3]
V  [jvm.dll+0x247f1f]
V  [jvm.dll+0xac43c]
V  [jvm.dll+0xaca8c]
V  [jvm.dll+0x367012]
V  [jvm.dll+0x3313ba]
V  [jvm.dll+0x33085a]
V  [jvm.dll+0x21a5b1]
V  [jvm.dll+0x2199d1]
V  [jvm.dll+0x1a57cd]
V  [jvm.dll+0x2297ae]
V  [jvm.dll+0x22797c]
V  [jvm.dll+0x7e9877]
V  [jvm.dll+0x7e3c3a]
V  [jvm.dll+0x67be35]
C  [ucrtbase.dll+0x29363]
C  [KERNEL32.DLL+0x1257d]
C  [ntdll.dll+0x5aa58]


---------------  P R O C E S S  ---------------

Threads class SMR info:
_java_thread_list=0x000001ccccd11240, length=29, elements={
0x000001ccb1ecfb40, 0x000001ccc5d5e200, 0x000001cccb025020, 0x000001cccb04ff00,
0x000001cccb0509d0, 0x000001cccb053c50, 0x000001cccb058ee0, 0x000001cccb05eb40,
0x000001cccb0631a0, 0x000001cccb064290, 0x000001ccb1f34440, 0x000001cccc0289d0,
0x000001cccc3ba9e0, 0x000001cccc9d4d50, 0x000001cccc622ba0, 0x000001ccccc098d0,
0x000001ccccf5d8d0, 0x000001ccccf1b980, 0x000001ccccdb6e70, 0x000001ccccdb91e0,
0x000001ccccdb7380, 0x000001ccccdbe440, 0x000001ccccdb6450, 0x000001ccccdb6960,
0x000001ccccdb87c0, 0x000001ccccdb7890, 0x000001ccccdb7da0, 0x000001ccccdb8cd0,
0x000001cccda0a3e0
}

Java Threads: ( => current thread )
  0x000001ccb1ecfb40 JavaThread "main" [_thread_blocked, id=21620, stack(0x00000066eb700000,0x00000066eb800000)]
  0x000001ccc5d5e200 JavaThread "Reference Handler" daemon [_thread_blocked, id=2880, stack(0x00000066eba00000,0x00000066ebb00000)]
  0x000001cccb025020 JavaThread "Finalizer" daemon [_thread_blocked, id=22764, stack(0x00000066ebb00000,0x00000066ebc00000)]
  0x000001cccb04ff00 JavaThread "Signal Dispatcher" daemon [_thread_blocked, id=572, stack(0x00000066ebc00000,0x00000066ebd00000)]
  0x000001cccb0509d0 JavaThread "Attach Listener" daemon [_thread_blocked, id=5572, stack(0x00000066ebd00000,0x00000066ebe00000)]
  0x000001cccb053c50 JavaThread "Service Thread" daemon [_thread_blocked, id=5580, stack(0x00000066ebe00000,0x00000066ebf00000)]
  0x000001cccb058ee0 JavaThread "Monitor Deflation Thread" daemon [_thread_blocked, id=18684, stack(0x00000066ebf00000,0x00000066ec000000)]
=>0x000001cccb05eb40 JavaThread "C2 CompilerThread0" daemon [_thread_in_native, id=14584, stack(0x00000066ec000000,0x00000066ec100000)]
  0x000001cccb0631a0 JavaThread "C1 CompilerThread0" daemon [_thread_blocked, id=23876, stack(0x00000066ec100000,0x00000066ec200000)]
  0x000001cccb064290 JavaThread "Sweeper thread" daemon [_thread_blocked, id=19984, stack(0x00000066ec200000,0x00000066ec300000)]
  0x000001ccb1f34440 JavaThread "Common-Cleaner" daemon [_thread_blocked, id=13356, stack(0x00000066ec300000,0x00000066ec400000)]
  0x000001cccc0289d0 JavaThread "Notification Thread" daemon [_thread_blocked, id=3588, stack(0x00000066ec400000,0x00000066ec500000)]
  0x000001cccc3ba9e0 JavaThread "Active Thread: Equinox Container: 3d893ee5-afcb-4984-97b0-0b390c3439f5" [_thread_blocked, id=22544, stack(0x00000066ecc00000,0x00000066ecd00000)]
  0x000001cccc9d4d50 JavaThread "Framework Event Dispatcher: Equinox Container: 3d893ee5-afcb-4984-97b0-0b390c3439f5" daemon [_thread_blocked, id=11588, stack(0x00000066ecd00000,0x00000066ece00000)]
  0x000001cccc622ba0 JavaThread "Start Level: Equinox Container: 3d893ee5-afcb-4984-97b0-0b390c3439f5" daemon [_thread_blocked, id=22988, stack(0x00000066ece00000,0x00000066ecf00000)]
  0x000001ccccc098d0 JavaThread "Bundle File Closer" daemon [_thread_blocked, id=20372, stack(0x00000066ed000000,0x00000066ed100000)]
  0x000001ccccf5d8d0 JavaThread "SCR Component Actor" daemon [_thread_blocked, id=19672, stack(0x00000066ed100000,0x00000066ed200000)]
  0x000001ccccf1b980 JavaThread "SCR Component Registry" daemon [_thread_blocked, id=24168, stack(0x00000066ed200000,0x00000066ed300000)]
  0x000001ccccdb6e70 JavaThread "Worker-JM" [_thread_blocked, id=21668, stack(0x00000066ed400000,0x00000066ed500000)]
  0x000001ccccdb91e0 JavaThread "Worker-0: Repository registry initialization" [_thread_in_Java, id=6352, stack(0x00000066ed300000,0x00000066ed400000)]
  0x000001ccccdb7380 JavaThread "Worker-1" [_thread_blocked, id=23152, stack(0x00000066ed500000,0x00000066ed600000)]
  0x000001ccccdbe440 JavaThread "C2 CompilerThread1" daemon [_thread_in_native, id=13336, stack(0x00000066ed600000,0x00000066ed700000)]
  0x000001ccccdb6450 JavaThread "Java indexing" daemon [_thread_blocked, id=13680, stack(0x00000066ed700000,0x00000066ed800000)]
  0x000001ccccdb6960 JavaThread "JNA Cleaner" daemon [_thread_blocked, id=12680, stack(0x00000066ed800000,0x00000066ed900000)]
  0x000001ccccdb87c0 JavaThread "Worker-2" [_thread_blocked, id=5648, stack(0x00000066edb00000,0x00000066edc00000)]
  0x000001ccccdb7890 JavaThread "pool-2-thread-1" [_thread_blocked, id=20208, stack(0x00000066edc00000,0x00000066edd00000)]
  0x000001ccccdb7da0 JavaThread "WorkspaceEventsHandler" [_thread_blocked, id=13548, stack(0x00000066edd00000,0x00000066ede00000)]
  0x000001ccccdb8cd0 JavaThread "pool-1-thread-1" [_thread_blocked, id=2292, stack(0x00000066ede00000,0x00000066edf00000)]
  0x000001cccda0a3e0 JavaThread "Worker-3" [_thread_blocked, id=15080, stack(0x00000066edf00000,0x00000066ee000000)]

Other Threads:
  0x000001cccb010c20 VMThread "VM Thread" [stack: 0x00000066eb900000,0x00000066eba00000] [id=14704]
  0x000001cccb35b880 WatcherThread [stack: 0x00000066ec500000,0x00000066ec600000] [id=18808]
  0x000001ccb1ee61d0 GCTaskThread "GC Thread#0" [stack: 0x00000066eb800000,0x00000066eb900000] [id=23804]
  0x000001cccc3166f0 GCTaskThread "GC Thread#1" [stack: 0x00000066ec600000,0x00000066ec700000] [id=7200]
  0x000001cccc39f420 GCTaskThread "GC Thread#2" [stack: 0x00000066ec700000,0x00000066ec800000] [id=24128]
  0x000001cccc3207b0 GCTaskThread "GC Thread#3" [stack: 0x00000066ec800000,0x00000066ec900000] [id=9052]
  0x000001cccc320a70 GCTaskThread "GC Thread#4" [stack: 0x00000066ec900000,0x00000066eca00000] [id=14728]
  0x000001cccc321130 GCTaskThread "GC Thread#5" [stack: 0x00000066eca00000,0x00000066ecb00000] [id=1548]
  0x000001cccc439a10 GCTaskThread "GC Thread#6" [stack: 0x00000066ecb00000,0x00000066ecc00000] [id=10952]
  0x000001cccc43b2d0 GCTaskThread "GC Thread#7" [stack: 0x00000066ecf00000,0x00000066ed000000] [id=12084]

Threads with active compile tasks:
C2 CompilerThread0     6527 4841   !   4       org.eclipse.osgi.internal.loader.classpath.ClasspathManager::defineClass (636 bytes)
C2 CompilerThread1     6527 4848       4       java.util.Comparator$$Lambda$254/0x00000001003dd3b0::compare (16 bytes)

VM state: not at safepoint (normal execution)

VM Mutex/Monitor currently owned by a thread: None

Heap address: 0x00000000c0000000, size: 1024 MB, Compressed Oops mode: 32-bit

CDS archive(s) not mapped
Compressed class space mapped at: 0x0000000100000000-0x0000000140000000, reserved size: 1073741824
Narrow klass base: 0x0000000000000000, Narrow klass shift: 3, Narrow klass range: 0x140000000

GC Precious Log:
 CPUs: 8 total, 8 available
 Memory: 7585M
 Large Page Support: Disabled
 NUMA Support: Disabled
 Compressed Oops: Enabled (32-bit)
 Alignments: Space 512K, Generation 512K, Heap 2M
 Heap Min Capacity: 100M
 Heap Initial Capacity: 100M
 Heap Max Capacity: 1G
 Pre-touch: Disabled
 Parallel Workers: 8

Heap:
 PSYoungGen      total 23040K, used 8920K [0x00000000eab00000, 0x00000000ec600000, 0x0000000100000000)
  eden space 22016K, 36% used [0x00000000eab00000,0x00000000eb2ee2b0,0x00000000ec080000)
  from space 1024K, 78% used [0x00000000ec500000,0x00000000ec5c8000,0x00000000ec600000)
  to   space 1536K, 0% used [0x00000000ec300000,0x00000000ec300000,0x00000000ec480000)
 ParOldGen       total 68608K, used 17856K [0x00000000c0000000, 0x00000000c4300000, 0x00000000eab00000)
  object space 68608K, 26% used [0x00000000c0000000,0x00000000c11703c8,0x00000000c4300000)
 Metaspace       used 46647K, committed 47616K, reserved 1114112K
  class space    used 4989K, committed 5440K, reserved 1048576K

Card table byte_map: [0x000001ccb1890000,0x000001ccb1aa0000] _byte_map_base: 0x000001ccb1290000

Marking Bits: (ParMarkBitMap*) 0x00007ffbbc37d0b0
 Begin Bits: [0x000001ccc3b60000, 0x000001ccc4b60000)
 End Bits:   [0x000001ccc4b60000, 0x000001ccc5b60000)

Polling page: 0x000001ccb1680000

Metaspace:

Usage:
  Non-class:     40.68 MB used.
      Class:      4.87 MB used.
       Both:     45.55 MB used.

Virtual space:
  Non-class space:       64.00 MB reserved,      41.19 MB ( 64%) committed,  1 nodes.
      Class space:        1.00 GB reserved,       5.31 MB ( <1%) committed,  1 nodes.
             Both:        1.06 GB reserved,      46.50 MB (  4%) committed. 

Chunk freelists:
   Non-Class:  6.42 MB
       Class:  10.64 MB
        Both:  17.06 MB

MaxMetaspaceSize: unlimited
CompressedClassSpaceSize: 1.00 GB
Initial GC threshold: 21.00 MB
Current GC threshold: 58.38 MB
CDS: off
MetaspaceReclaimPolicy: balanced
 - commit_granule_bytes: 65536.
 - commit_granule_words: 8192.
 - virtual_space_node_default_size: 8388608.
 - enlarge_chunks_in_place: 1.
 - new_chunks_are_fully_committed: 0.
 - uncommit_free_chunks: 1.
 - use_allocation_guard: 0.
 - handle_deallocations: 1.


Internal statistics:

num_allocs_failed_limit: 6.
num_arena_births: 660.
num_arena_deaths: 14.
num_vsnodes_births: 2.
num_vsnodes_deaths: 0.
num_space_committed: 744.
num_space_uncommitted: 0.
num_chunks_returned_to_freelist: 20.
num_chunks_taken_from_freelist: 2366.
num_chunk_merges: 10.
num_chunk_splits: 1480.
num_chunks_enlarged: 879.
num_inconsistent_stats: 0.

CodeHeap 'non-profiled nmethods': size=120000Kb used=2378Kb max_used=2378Kb free=117621Kb
 bounds [0x000001ccbc630000, 0x000001ccbc8a0000, 0x000001ccc3b60000]
CodeHeap 'profiled nmethods': size=120000Kb used=10559Kb max_used=10559Kb free=109441Kb
 bounds [0x000001ccb4b60000, 0x000001ccb55b0000, 0x000001ccbc090000]
CodeHeap 'non-nmethods': size=5760Kb used=1287Kb max_used=1347Kb free=4472Kb
 bounds [0x000001ccbc090000, 0x000001ccbc300000, 0x000001ccbc630000]
 total_blobs=5576 nmethods=4972 adapters=517
 compilation: enabled
              stopped_count=0, restarted_count=0
 full_count=0

Compilation events (20 events):
Event: 6.460 Thread 0x000001cccb0631a0 4949   !   3       org.eclipse.sisu.wire.DependencyAnalyzer::analyzeImplementation (133 bytes)
Event: 6.462 Thread 0x000001cccb0631a0 nmethod 4949 0x000001ccb559ae10 code [0x000001ccb559b100, 0x000001ccb559c0f8]
Event: 6.462 Thread 0x000001cccb0631a0 4950       3       com.google.inject.internal.MoreTypes::getRawType (141 bytes)
Event: 6.462 Thread 0x000001cccb0631a0 nmethod 4950 0x000001ccb559c710 code [0x000001ccb559ca40, 0x000001ccb559dd68]
Event: 6.462 Thread 0x000001cccb0631a0 4951       1       com.google.common.cache.LocalCache$WeakEntry::getNext (5 bytes)
Event: 6.462 Thread 0x000001cccb0631a0 nmethod 4951 0x000001ccbc871890 code [0x000001ccbc871a20, 0x000001ccbc871af8]
Event: 6.466 Thread 0x000001cccb0631a0 4952       1       com.google.inject.spi.Dependency::getKey (5 bytes)
Event: 6.466 Thread 0x000001cccb0631a0 nmethod 4952 0x000001ccbc871b90 code [0x000001ccbc871d20, 0x000001ccbc871df8]
Event: 6.466 Thread 0x000001cccb0631a0 4953       1       com.google.inject.Key$NullAnnotationStrategy::hasAttributes (2 bytes)
Event: 6.467 Thread 0x000001cccb0631a0 nmethod 4953 0x000001ccbc871e90 code [0x000001ccbc872020, 0x000001ccbc8720f8]
Event: 6.470 Thread 0x000001cccb0631a0 4954       3       java.util.ArrayList$ArrayListSpliterator::estimateSize (11 bytes)
Event: 6.471 Thread 0x000001cccb0631a0 nmethod 4954 0x000001ccb559e210 code [0x000001ccb559e3a0, 0x000001ccb559e558]
Event: 6.471 Thread 0x000001cccb0631a0 4955       3       com.google.common.collect.UnmodifiableIterator::<init> (5 bytes)
Event: 6.471 Thread 0x000001cccb0631a0 nmethod 4955 0x000001ccb559e610 code [0x000001ccb559e7a0, 0x000001ccb559e8f8]
Event: 6.472 Thread 0x000001cccb0631a0 4956       3       com.google.common.collect.RegularImmutableList::listIterator (15 bytes)
Event: 6.472 Thread 0x000001cccb0631a0 nmethod 4956 0x000001ccb559e990 code [0x000001ccb559eb40, 0x000001ccb559ec88]
Event: 6.472 Thread 0x000001cccb0631a0 4957       3       com.google.common.collect.ImmutableList::iterator (5 bytes)
Event: 6.472 Thread 0x000001cccb0631a0 nmethod 4957 0x000001ccb559ed90 code [0x000001ccb559ef40, 0x000001ccb559f108]
Event: 6.484 Thread 0x000001cccb0631a0 4958       3       sun.reflect.annotation.TypeAnnotationParser::mapTypeAnnotations (128 bytes)
Event: 6.485 Thread 0x000001cccb0631a0 nmethod 4958 0x000001ccb559f190 code [0x000001ccb559f4a0, 0x000001ccb55a0518]

GC Heap History (20 events):
Event: 3.445 GC heap before
{Heap before GC invocations=7 (full 1):
 PSYoungGen      total 29696K, used 25600K [0x00000000eab00000, 0x00000000ece00000, 0x0000000100000000)
  eden space 25600K, 100% used [0x00000000eab00000,0x00000000ec400000,0x00000000ec400000)
  from space 4096K, 0% used [0x00000000ec400000,0x00000000ec400000,0x00000000ec800000)
  to   space 5120K, 0% used [0x00000000ec900000,0x00000000ec900000,0x00000000ece00000)
 ParOldGen       total 68608K, used 10768K [0x00000000c0000000, 0x00000000c4300000, 0x00000000eab00000)
  object space 68608K, 15% used [0x00000000c0000000,0x00000000c0a840e0,0x00000000c4300000)
 Metaspace       used 24379K, committed 25024K, reserved 1114112K
  class space    used 2466K, committed 2752K, reserved 1048576K
}
Event: 3.447 GC heap after
{Heap after GC invocations=7 (full 1):
 PSYoungGen      total 26624K, used 1295K [0x00000000eab00000, 0x00000000eca80000, 0x0000000100000000)
  eden space 25088K, 0% used [0x00000000eab00000,0x00000000eab00000,0x00000000ec380000)
  from space 1536K, 84% used [0x00000000ec900000,0x00000000eca43ed8,0x00000000eca80000)
  to   space 3072K, 0% used [0x00000000ec480000,0x00000000ec480000,0x00000000ec780000)
 ParOldGen       total 68608K, used 10776K [0x00000000c0000000, 0x00000000c4300000, 0x00000000eab00000)
  object space 68608K, 15% used [0x00000000c0000000,0x00000000c0a860e0,0x00000000c4300000)
 Metaspace       used 24379K, committed 25024K, reserved 1114112K
  class space    used 2466K, committed 2752K, reserved 1048576K
}
Event: 3.899 GC heap before
{Heap before GC invocations=8 (full 1):
 PSYoungGen      total 26624K, used 26383K [0x00000000eab00000, 0x00000000eca80000, 0x0000000100000000)
  eden space 25088K, 100% used [0x00000000eab00000,0x00000000ec380000,0x00000000ec380000)
  from space 1536K, 84% used [0x00000000ec900000,0x00000000eca43ed8,0x00000000eca80000)
  to   space 3072K, 0% used [0x00000000ec480000,0x00000000ec480000,0x00000000ec780000)
 ParOldGen       total 68608K, used 10776K [0x00000000c0000000, 0x00000000c4300000, 0x00000000eab00000)
  object space 68608K, 15% used [0x00000000c0000000,0x00000000c0a860e0,0x00000000c4300000)
 Metaspace       used 27586K, committed 28288K, reserved 1114112K
  class space    used 2832K, committed 3136K, reserved 1048576K
}
Event: 3.901 GC heap after
{Heap after GC invocations=8 (full 1):
 PSYoungGen      total 27648K, used 3070K [0x00000000eab00000, 0x00000000ecb00000, 0x0000000100000000)
  eden space 24576K, 0% used [0x00000000eab00000,0x00000000eab00000,0x00000000ec300000)
  from space 3072K, 99% used [0x00000000ec480000,0x00000000ec77fad0,0x00000000ec780000)
  to   space 3584K, 0% used [0x00000000ec780000,0x00000000ec780000,0x00000000ecb00000)
 ParOldGen       total 68608K, used 11008K [0x00000000c0000000, 0x00000000c4300000, 0x00000000eab00000)
  object space 68608K, 16% used [0x00000000c0000000,0x00000000c0ac00e0,0x00000000c4300000)
 Metaspace       used 27586K, committed 28288K, reserved 1114112K
  class space    used 2832K, committed 3136K, reserved 1048576K
}
Event: 4.077 GC heap before
{Heap before GC invocations=9 (full 1):
 PSYoungGen      total 27648K, used 27646K [0x00000000eab00000, 0x00000000ecb00000, 0x0000000100000000)
  eden space 24576K, 100% used [0x00000000eab00000,0x00000000ec300000,0x00000000ec300000)
  from space 3072K, 99% used [0x00000000ec480000,0x00000000ec77fad0,0x00000000ec780000)
  to   space 3584K, 0% used [0x00000000ec780000,0x00000000ec780000,0x00000000ecb00000)
 ParOldGen       total 68608K, used 11008K [0x00000000c0000000, 0x00000000c4300000, 0x00000000eab00000)
  object space 68608K, 16% used [0x00000000c0000000,0x00000000c0ac00e0,0x00000000c4300000)
 Metaspace       used 30446K, committed 31104K, reserved 1114112K
  class space    used 3023K, committed 3328K, reserved 1048576K
}
Event: 4.079 GC heap after
{Heap after GC invocations=9 (full 1):
 PSYoungGen      total 27648K, used 3303K [0x00000000eab00000, 0x00000000ecb00000, 0x0000000100000000)
  eden space 24064K, 0% used [0x00000000eab00000,0x00000000eab00000,0x00000000ec280000)
  from space 3584K, 92% used [0x00000000ec780000,0x00000000ecab9da0,0x00000000ecb00000)
  to   space 3584K, 0% used [0x00000000ec400000,0x00000000ec400000,0x00000000ec780000)
 ParOldGen       total 68608K, used 11008K [0x00000000c0000000, 0x00000000c4300000, 0x00000000eab00000)
  object space 68608K, 16% used [0x00000000c0000000,0x00000000c0ac00e0,0x00000000c4300000)
 Metaspace       used 30446K, committed 31104K, reserved 1114112K
  class space    used 3023K, committed 3328K, reserved 1048576K
}
Event: 4.318 GC heap before
{Heap before GC invocations=10 (full 1):
 PSYoungGen      total 27648K, used 27367K [0x00000000eab00000, 0x00000000ecb00000, 0x0000000100000000)
  eden space 24064K, 100% used [0x00000000eab00000,0x00000000ec280000,0x00000000ec280000)
  from space 3584K, 92% used [0x00000000ec780000,0x00000000ecab9da0,0x00000000ecb00000)
  to   space 3584K, 0% used [0x00000000ec400000,0x00000000ec400000,0x00000000ec780000)
 ParOldGen       total 68608K, used 11008K [0x00000000c0000000, 0x00000000c4300000, 0x00000000eab00000)
  object space 68608K, 16% used [0x00000000c0000000,0x00000000c0ac00e0,0x00000000c4300000)
 Metaspace       used 32704K, committed 33408K, reserved 1114112K
  class space    used 3199K, committed 3520K, reserved 1048576K
}
Event: 4.321 GC heap after
{Heap after GC invocations=10 (full 1):
 PSYoungGen      total 26624K, used 2654K [0x00000000eab00000, 0x00000000ec800000, 0x0000000100000000)
  eden space 23552K, 0% used [0x00000000eab00000,0x00000000eab00000,0x00000000ec200000)
  from space 3072K, 86% used [0x00000000ec400000,0x00000000ec697be8,0x00000000ec700000)
  to   space 1024K, 0% used [0x00000000ec700000,0x00000000ec700000,0x00000000ec800000)
 ParOldGen       total 68608K, used 12001K [0x00000000c0000000, 0x00000000c4300000, 0x00000000eab00000)
  object space 68608K, 17% used [0x00000000c0000000,0x00000000c0bb8500,0x00000000c4300000)
 Metaspace       used 32704K, committed 33408K, reserved 1114112K
  class space    used 3199K, committed 3520K, reserved 1048576K
}
Event: 4.698 GC heap before
{Heap before GC invocations=11 (full 1):
 PSYoungGen      total 26624K, used 17259K [0x00000000eab00000, 0x00000000ec800000, 0x0000000100000000)
  eden space 23552K, 62% used [0x00000000eab00000,0x00000000eb943320,0x00000000ec200000)
  from space 3072K, 86% used [0x00000000ec400000,0x00000000ec697be8,0x00000000ec700000)
  to   space 1024K, 0% used [0x00000000ec700000,0x00000000ec700000,0x00000000ec800000)
 ParOldGen       total 68608K, used 12001K [0x00000000c0000000, 0x00000000c4300000, 0x00000000eab00000)
  object space 68608K, 17% used [0x00000000c0000000,0x00000000c0bb8500,0x00000000c4300000)
 Metaspace       used 35139K, committed 35840K, reserved 1114112K
  class space    used 3473K, committed 3776K, reserved 1048576K
}
Event: 4.701 GC heap after
{Heap after GC invocations=11 (full 1):
 PSYoungGen      total 24576K, used 1012K [0x00000000eab00000, 0x00000000eca00000, 0x0000000100000000)
  eden space 23552K, 0% used [0x00000000eab00000,0x00000000eab00000,0x00000000ec200000)
  from space 1024K, 98% used [0x00000000ec700000,0x00000000ec7fd020,0x00000000ec800000)
  to   space 4096K, 0% used [0x00000000ec200000,0x00000000ec200000,0x00000000ec600000)
 ParOldGen       total 68608K, used 14617K [0x00000000c0000000, 0x00000000c4300000, 0x00000000eab00000)
  object space 68608K, 21% used [0x00000000c0000000,0x00000000c0e466e0,0x00000000c4300000)
 Metaspace       used 35139K, committed 35840K, reserved 1114112K
  class space    used 3473K, committed 3776K, reserved 1048576K
}
Event: 4.701 GC heap before
{Heap before GC invocations=12 (full 2):
 PSYoungGen      total 24576K, used 1012K [0x00000000eab00000, 0x00000000eca00000, 0x0000000100000000)
  eden space 23552K, 0% used [0x00000000eab00000,0x00000000eab00000,0x00000000ec200000)
  from space 1024K, 98% used [0x00000000ec700000,0x00000000ec7fd020,0x00000000ec800000)
  to   space 4096K, 0% used [0x00000000ec200000,0x00000000ec200000,0x00000000ec600000)
 ParOldGen       total 68608K, used 14617K [0x00000000c0000000, 0x00000000c4300000, 0x00000000eab00000)
  object space 68608K, 21% used [0x00000000c0000000,0x00000000c0e466e0,0x00000000c4300000)
 Metaspace       used 35139K, committed 35840K, reserved 1114112K
  class space    used 3473K, committed 3776K, reserved 1048576K
}
Event: 4.725 GC heap after
{Heap after GC invocations=12 (full 2):
 PSYoungGen      total 24576K, used 0K [0x00000000eab00000, 0x00000000eca00000, 0x0000000100000000)
  eden space 23552K, 0% used [0x00000000eab00000,0x00000000eab00000,0x00000000ec200000)
  from space 1024K, 0% used [0x00000000ec700000,0x00000000ec700000,0x00000000ec800000)
  to   space 4096K, 0% used [0x00000000ec200000,0x00000000ec200000,0x00000000ec600000)
 ParOldGen       total 68608K, used 14082K [0x00000000c0000000, 0x00000000c4300000, 0x00000000eab00000)
  object space 68608K, 20% used [0x00000000c0000000,0x00000000c0dc0bd0,0x00000000c4300000)
 Metaspace       used 35139K, committed 35840K, reserved 1114112K
  class space    used 3473K, committed 3776K, reserved 1048576K
}
Event: 5.147 GC heap before
{Heap before GC invocations=13 (full 2):
 PSYoungGen      total 24576K, used 23552K [0x00000000eab00000, 0x00000000eca00000, 0x0000000100000000)
  eden space 23552K, 100% used [0x00000000eab00000,0x00000000ec200000,0x00000000ec200000)
  from space 1024K, 0% used [0x00000000ec700000,0x00000000ec700000,0x00000000ec800000)
  to   space 4096K, 0% used [0x00000000ec200000,0x00000000ec200000,0x00000000ec600000)
 ParOldGen       total 68608K, used 14082K [0x00000000c0000000, 0x00000000c4300000, 0x00000000eab00000)
  object space 68608K, 20% used [0x00000000c0000000,0x00000000c0dc0bd0,0x00000000c4300000)
 Metaspace       used 38654K, committed 39488K, reserved 1114112K
  class space    used 3904K, committed 4288K, reserved 1048576K
}
Event: 5.149 GC heap after
{Heap after GC invocations=13 (full 2):
 PSYoungGen      total 24576K, used 1349K [0x00000000eab00000, 0x00000000ec780000, 0x0000000100000000)
  eden space 23040K, 0% used [0x00000000eab00000,0x00000000eab00000,0x00000000ec180000)
  from space 1536K, 87% used [0x00000000ec200000,0x00000000ec351530,0x00000000ec380000)
  to   space 2560K, 0% used [0x00000000ec500000,0x00000000ec500000,0x00000000ec780000)
 ParOldGen       total 68608K, used 14090K [0x00000000c0000000, 0x00000000c4300000, 0x00000000eab00000)
  object space 68608K, 20% used [0x00000000c0000000,0x00000000c0dc2bd0,0x00000000c4300000)
 Metaspace       used 38654K, committed 39488K, reserved 1114112K
  class space    used 3904K, committed 4288K, reserved 1048576K
}
Event: 5.445 GC heap before
{Heap before GC invocations=14 (full 2):
 PSYoungGen      total 24576K, used 24389K [0x00000000eab00000, 0x00000000ec780000, 0x0000000100000000)
  eden space 23040K, 100% used [0x00000000eab00000,0x00000000ec180000,0x00000000ec180000)
  from space 1536K, 87% used [0x00000000ec200000,0x00000000ec351530,0x00000000ec380000)
  to   space 2560K, 0% used [0x00000000ec500000,0x00000000ec500000,0x00000000ec780000)
 ParOldGen       total 68608K, used 14090K [0x00000000c0000000, 0x00000000c4300000, 0x00000000eab00000)
  object space 68608K, 20% used [0x00000000c0000000,0x00000000c0dc2bd0,0x00000000c4300000)
 Metaspace       used 41628K, committed 42560K, reserved 1114112K
  class space    used 4318K, committed 4800K, reserved 1048576K
}
Event: 5.448 GC heap after
{Heap after GC invocations=14 (full 2):
 PSYoungGen      total 24064K, used 1072K [0x00000000eab00000, 0x00000000ec680000, 0x0000000100000000)
  eden space 22528K, 0% used [0x00000000eab00000,0x00000000eab00000,0x00000000ec100000)
  from space 1536K, 69% used [0x00000000ec500000,0x00000000ec60c010,0x00000000ec680000)
  to   space 1536K, 0% used [0x00000000ec380000,0x00000000ec380000,0x00000000ec500000)
 ParOldGen       total 68608K, used 15284K [0x00000000c0000000, 0x00000000c4300000, 0x00000000eab00000)
  object space 68608K, 22% used [0x00000000c0000000,0x00000000c0eed2c0,0x00000000c4300000)
 Metaspace       used 41628K, committed 42560K, reserved 1114112K
  class space    used 4318K, committed 4800K, reserved 1048576K
}
Event: 5.787 GC heap before
{Heap before GC invocations=15 (full 2):
 PSYoungGen      total 24064K, used 23600K [0x00000000eab00000, 0x00000000ec680000, 0x0000000100000000)
  eden space 22528K, 100% used [0x00000000eab00000,0x00000000ec100000,0x00000000ec100000)
  from space 1536K, 69% used [0x00000000ec500000,0x00000000ec60c010,0x00000000ec680000)
  to   space 1536K, 0% used [0x00000000ec380000,0x00000000ec380000,0x00000000ec500000)
 ParOldGen       total 68608K, used 15284K [0x00000000c0000000, 0x00000000c4300000, 0x00000000eab00000)
  object space 68608K, 22% used [0x00000000c0000000,0x00000000c0eed2c0,0x00000000c4300000)
 Metaspace       used 43424K, committed 44288K, reserved 1114112K
  class space    used 4565K, committed 4992K, reserved 1048576K
}
Event: 5.791 GC heap after
{Heap after GC invocations=15 (full 2):
 PSYoungGen      total 23552K, used 1533K [0x00000000eab00000, 0x00000000ec680000, 0x0000000100000000)
  eden space 22016K, 0% used [0x00000000eab00000,0x00000000eab00000,0x00000000ec080000)
  from space 1536K, 99% used [0x00000000ec380000,0x00000000ec4ff658,0x00000000ec500000)
  to   space 1536K, 0% used [0x00000000ec500000,0x00000000ec500000,0x00000000ec680000)
 ParOldGen       total 68608K, used 16355K [0x00000000c0000000, 0x00000000c4300000, 0x00000000eab00000)
  object space 68608K, 23% used [0x00000000c0000000,0x00000000c0ff8d60,0x00000000c4300000)
 Metaspace       used 43424K, committed 44288K, reserved 1114112K
  class space    used 4565K, committed 4992K, reserved 1048576K
}
Event: 6.366 GC heap before
{Heap before GC invocations=16 (full 2):
 PSYoungGen      total 23552K, used 23549K [0x00000000eab00000, 0x00000000ec680000, 0x0000000100000000)
  eden space 22016K, 100% used [0x00000000eab00000,0x00000000ec080000,0x00000000ec080000)
  from space 1536K, 99% used [0x00000000ec380000,0x00000000ec4ff658,0x00000000ec500000)
  to   space 1536K, 0% used [0x00000000ec500000,0x00000000ec500000,0x00000000ec680000)
 ParOldGen       total 68608K, used 16355K [0x00000000c0000000, 0x00000000c4300000, 0x00000000eab00000)
  object space 68608K, 23% used [0x00000000c0000000,0x00000000c0ff8d60,0x00000000c4300000)
 Metaspace       used 45641K, committed 46528K, reserved 1114112K
  class space    used 4860K, committed 5312K, reserved 1048576K
}
Event: 6.368 GC heap after
{Heap after GC invocations=16 (full 2):
 PSYoungGen      total 23040K, used 800K [0x00000000eab00000, 0x00000000ec600000, 0x0000000100000000)
  eden space 22016K, 0% used [0x00000000eab00000,0x00000000eab00000,0x00000000ec080000)
  from space 1024K, 78% used [0x00000000ec500000,0x00000000ec5c8000,0x00000000ec600000)
  to   space 1536K, 0% used [0x00000000ec300000,0x00000000ec300000,0x00000000ec480000)
 ParOldGen       total 68608K, used 17856K [0x00000000c0000000, 0x00000000c4300000, 0x00000000eab00000)
  object space 68608K, 26% used [0x00000000c0000000,0x00000000c11703c8,0x00000000c4300000)
 Metaspace       used 45641K, committed 46528K, reserved 1114112K
  class space    used 4860K, committed 5312K, reserved 1048576K
}

Dll operation events (10 events):
Event: 0.009 Loaded shared library c:\Users\Youcode\.vscode\extensions\redhat.java-1.25.1-win32-x64\jre\17.0.9-win32-x86_64\bin\java.dll
Event: 0.136 Loaded shared library c:\Users\Youcode\.vscode\extensions\redhat.java-1.25.1-win32-x64\jre\17.0.9-win32-x86_64\bin\zip.dll
Event: 0.139 Loaded shared library C:\Users\Youcode\.vscode\extensions\redhat.java-1.25.1-win32-x64\jre\17.0.9-win32-x86_64\bin\instrument.dll
Event: 0.152 Loaded shared library C:\Users\Youcode\.vscode\extensions\redhat.java-1.25.1-win32-x64\jre\17.0.9-win32-x86_64\bin\net.dll
Event: 0.154 Loaded shared library C:\Users\Youcode\.vscode\extensions\redhat.java-1.25.1-win32-x64\jre\17.0.9-win32-x86_64\bin\nio.dll
Event: 0.161 Loaded shared library C:\Users\Youcode\.vscode\extensions\redhat.java-1.25.1-win32-x64\jre\17.0.9-win32-x86_64\bin\zip.dll
Event: 0.176 Loaded shared library C:\Users\Youcode\.vscode\extensions\redhat.java-1.25.1-win32-x64\jre\17.0.9-win32-x86_64\bin\jimage.dll
Event: 0.230 Loaded shared library c:\Users\Youcode\.vscode\extensions\redhat.java-1.25.1-win32-x64\jre\17.0.9-win32-x86_64\bin\verify.dll
Event: 1.268 Loaded shared library C:\Users\Youcode\AppData\Roaming\Code\User\globalStorage\redhat.java\1.25.1\config_win\org.eclipse.equinox.launcher\org.eclipse.equinox.launcher.win32.win32.x86_64_1.2.800.v20231003-1442\eclipse_11802.dll
Event: 4.804 Loaded shared library C:\Users\Youcode\AppData\Local\Temp\jna-672395884\jna14326540547517534597.dll

Deoptimization events (20 events):
Event: 5.628 Thread 0x000001ccccdb91e0 DEOPT PACKING pc=0x000001ccbc7b557c sp=0x00000066ed3fdf60
Event: 5.628 Thread 0x000001ccccdb91e0 DEOPT UNPACKING pc=0x000001ccbc0e9ea3 sp=0x00000066ed3fde80 mode 2
Event: 5.628 Thread 0x000001ccccdb91e0 Uncommon trap: trap_request=0xffffff66 fr.pc=0x000001ccbc7b557c relative=0x00000000000000dc
Event: 5.628 Thread 0x000001ccccdb91e0 Uncommon trap: reason=speculate_class_check action=maybe_recompile pc=0x000001ccbc7b557c method=java.util.regex.Pattern$CharPredicate.lambda$negate$3(I)Z @ 2 c2
Event: 5.628 Thread 0x000001ccccdb91e0 DEOPT PACKING pc=0x000001ccbc7b557c sp=0x00000066ed3fdf60
Event: 5.628 Thread 0x000001ccccdb91e0 DEOPT UNPACKING pc=0x000001ccbc0e9ea3 sp=0x00000066ed3fde80 mode 2
Event: 5.628 Thread 0x000001ccccdb91e0 Uncommon trap: trap_request=0xffffff66 fr.pc=0x000001ccbc7b557c relative=0x00000000000000dc
Event: 5.628 Thread 0x000001ccccdb91e0 Uncommon trap: reason=speculate_class_check action=maybe_recompile pc=0x000001ccbc7b557c method=java.util.regex.Pattern$CharPredicate.lambda$negate$3(I)Z @ 2 c2
Event: 5.628 Thread 0x000001ccccdb91e0 DEOPT PACKING pc=0x000001ccbc7b557c sp=0x00000066ed3fdf60
Event: 5.628 Thread 0x000001ccccdb91e0 DEOPT UNPACKING pc=0x000001ccbc0e9ea3 sp=0x00000066ed3fde80 mode 2
Event: 5.628 Thread 0x000001ccccdb91e0 Uncommon trap: trap_request=0xffffff66 fr.pc=0x000001ccbc7b557c relative=0x00000000000000dc
Event: 5.628 Thread 0x000001ccccdb91e0 Uncommon trap: reason=speculate_class_check action=maybe_recompile pc=0x000001ccbc7b557c method=java.util.regex.Pattern$CharPredicate.lambda$negate$3(I)Z @ 2 c2
Event: 5.628 Thread 0x000001ccccdb91e0 DEOPT PACKING pc=0x000001ccbc7b557c sp=0x00000066ed3fdf60
Event: 5.628 Thread 0x000001ccccdb91e0 DEOPT UNPACKING pc=0x000001ccbc0e9ea3 sp=0x00000066ed3fde80 mode 2
Event: 5.689 Thread 0x000001ccccdb91e0 Uncommon trap: trap_request=0xffffff45 fr.pc=0x000001ccbc82a65c relative=0x00000000000009fc
Event: 5.689 Thread 0x000001ccccdb91e0 Uncommon trap: reason=unstable_if action=reinterpret pc=0x000001ccbc82a65c method=jdk.internal.org.objectweb.asm.SymbolTable.addType(Ljava/lang/String;)I @ 33 c2
Event: 5.689 Thread 0x000001ccccdb91e0 DEOPT PACKING pc=0x000001ccbc82a65c sp=0x00000066ed3fcdf0
Event: 5.689 Thread 0x000001ccccdb91e0 DEOPT UNPACKING pc=0x000001ccbc0e9ea3 sp=0x00000066ed3fcdb8 mode 2
Event: 5.741 Thread 0x000001ccccdb91e0 DEOPT PACKING pc=0x000001ccb54fbd59 sp=0x00000066ed3fdee0
Event: 5.741 Thread 0x000001ccccdb91e0 DEOPT UNPACKING pc=0x000001ccbc0ea9e3 sp=0x00000066ed3fd338 mode 0

Classes unloaded (7 events):
Event: 2.569 Thread 0x000001cccb010c20 Unloading class 0x000000010024e000 'java/lang/invoke/LambdaForm$MH+0x000000010024e000'
Event: 2.569 Thread 0x000001cccb010c20 Unloading class 0x000000010024dc00 'java/lang/invoke/LambdaForm$MH+0x000000010024dc00'
Event: 2.569 Thread 0x000001cccb010c20 Unloading class 0x000000010024d800 'java/lang/invoke/LambdaForm$MH+0x000000010024d800'
Event: 2.569 Thread 0x000001cccb010c20 Unloading class 0x000000010024d400 'java/lang/invoke/LambdaForm$MH+0x000000010024d400'
Event: 2.569 Thread 0x000001cccb010c20 Unloading class 0x000000010024d000 'java/lang/invoke/LambdaForm$BMH+0x000000010024d000'
Event: 2.569 Thread 0x000001cccb010c20 Unloading class 0x000000010024cc00 'java/lang/invoke/LambdaForm$DMH+0x000000010024cc00'
Event: 2.569 Thread 0x000001cccb010c20 Unloading class 0x000000010024a000 'java/lang/invoke/LambdaForm$DMH+0x000000010024a000'

Classes redefined (0 events):
No events

Internal exceptions (20 events):
Event: 4.413 Thread 0x000001cccc622ba0 Exception <a 'java/lang/NoSuchMethodError'{0x00000000eb0ffa58}: 'java.lang.Object java.lang.invoke.DirectMethodHandle$Holder.invokeStaticInit(java.lang.Object, int, int, int, int)'> (0x00000000eb0ffa58) 
thrown [s\src\hotspot\share\interpreter\linkResolver.cpp, line 759]
Event: 4.493 Thread 0x000001cccc622ba0 Exception <a 'java/lang/NoSuchMethodError'{0x00000000eb235be8}: 'java.lang.Object java.lang.invoke.DirectMethodHandle$Holder.invokeStaticInit(java.lang.Object, java.lang.Object, int, int, int, int)'> (0x00000000eb235be8) 
thrown [s\src\hotspot\share\interpreter\linkResolver.cpp, line 759]
Event: 4.581 Thread 0x000001cccc622ba0 Exception <a 'java/lang/ClassNotFoundException'{0x00000000eb593198}: com/sun/org/apache/xml/internal/serializer/spi/XMLEntitiesProvider> (0x00000000eb593198) 
thrown [s\src\hotspot\share\classfile\systemDictionary.cpp, line 256]
Event: 4.698 Thread 0x000001cccc622ba0 Exception <a 'java/io/FileNotFoundException'{0x00000000eb9260c0}> (0x00000000eb9260c0) 
thrown [s\src\hotspot\share\prims\jni.cpp, line 516]
Event: 4.836 Thread 0x000001cccc622ba0 Exception <a 'java/lang/UnsatisfiedLinkError'{0x00000000eadff630}: The specified procedure could not be found.
> (0x00000000eadff630) 
thrown [s\src\hotspot\share\prims\jni.cpp, line 535]
Event: 4.843 Thread 0x000001cccc622ba0 Exception <a 'java/io/FileNotFoundException'{0x00000000eae24d88}> (0x00000000eae24d88) 
thrown [s\src\hotspot\share\prims\jni.cpp, line 516]
Event: 4.857 Thread 0x000001cccc622ba0 Exception <a 'java/io/FileNotFoundException'{0x00000000eaea8fa8}> (0x00000000eaea8fa8) 
thrown [s\src\hotspot\share\prims\jni.cpp, line 516]
Event: 4.875 Thread 0x000001cccc622ba0 Exception <a 'java/lang/UnsatisfiedLinkError'{0x00000000eaf68a90}: The specified procedure could not be found.
> (0x00000000eaf68a90) 
thrown [s\src\hotspot\share\prims\jni.cpp, line 535]
Event: 4.923 Thread 0x000001ccccdb91e0 Exception <a 'java/lang/NoSuchMethodError'{0x00000000eb20cb68}: 'java.lang.Object java.lang.invoke.DirectMethodHandle$Holder.invokeSpecialIFC(java.lang.Object, java.lang.Object, java.lang.Object, java.lang.Object)'> (0x00000000eb20cb68) 
thrown [s\src\hotspot\share\interpreter\linkResolver.cpp, line 759]
Event: 4.924 Thread 0x000001cccc622ba0 Exception <a 'java/lang/NoSuchMethodError'{0x00000000eb1b2e00}: 'java.lang.Object java.lang.invoke.DirectMethodHandle$Holder.invokeStaticInit(java.lang.Object, int)'> (0x00000000eb1b2e00) 
thrown [s\src\hotspot\share\interpreter\linkResolver.cpp, line 759]
Event: 4.951 Thread 0x000001ccb1ecfb40 Exception <a 'sun/nio/fs/WindowsException'{0x00000000eb3f96b0}> (0x00000000eb3f96b0) 
thrown [s\src\hotspot\share\prims\jni.cpp, line 516]
Event: 5.056 Thread 0x000001ccb1ecfb40 Exception <a 'java/lang/NoSuchMethodError'{0x00000000ebb48838}: 'java.lang.Object java.lang.invoke.DirectMethodHandle$Holder.invokeStatic(java.lang.Object, java.lang.Object, long, java.lang.Object)'> (0x00000000ebb48838) 
thrown [s\src\hotspot\share\interpreter\linkResolver.cpp, line 759]
Event: 5.056 Thread 0x000001ccb1ecfb40 Exception <a 'java/lang/NoSuchMethodError'{0x00000000ebb6af20}: 'java.lang.Object java.lang.invoke.DirectMethodHandle$Holder.invokeStaticInit(java.lang.Object, java.lang.Object, long, java.lang.Object)'> (0x00000000ebb6af20) 
thrown [s\src\hotspot\share\interpreter\linkResolver.cpp, line 759]
Event: 5.057 Thread 0x000001ccb1ecfb40 Exception <a 'java/lang/NoSuchMethodError'{0x00000000ebb80330}: 'java.lang.Object java.lang.invoke.DirectMethodHandle$Holder.newInvokeSpecial(java.lang.Object, java.lang.Object, long)'> (0x00000000ebb80330) 
thrown [s\src\hotspot\share\interpreter\linkResolver.cpp, line 759]
Event: 5.136 Thread 0x000001ccb1ecfb40 Exception <a 'java/lang/NoSuchMethodError'{0x00000000ec0ab400}: 'void java.lang.invoke.DirectMethodHandle$Holder.invokeStatic(java.lang.Object, java.lang.Object, java.lang.Object, java.lang.Object)'> (0x00000000ec0ab400) 
thrown [s\src\hotspot\share\interpreter\linkResolver.cpp, line 759]
Event: 5.168 Thread 0x000001ccccdb91e0 Exception <a 'java/lang/NoSuchMethodError'{0x00000000eadc5af8}: 'int java.lang.invoke.DirectMethodHandle$Holder.invokeSpecialIFC(java.lang.Object, java.lang.Object, java.lang.Object, java.lang.Object, java.lang.Object)'> (0x00000000eadc5af8) 
thrown [s\src\hotspot\share\interpreter\linkResolver.cpp, line 759]
Event: 5.357 Thread 0x000001ccb1ecfb40 Exception <a 'java/lang/NoSuchMethodError'{0x00000000ebab9210}: 'void java.lang.invoke.DirectMethodHandle$Holder.invokeSpecial(java.lang.Object, java.lang.Object, java.lang.Object, java.lang.Object, java.lang.Object, java.lang.Object)'> (0x00000000ebab9210) 
thrown [s\src\hotspot\share\interpreter\linkResolver.cpp, line 759]
Event: 5.358 Thread 0x000001ccb1ecfb40 Exception <a 'java/lang/IncompatibleClassChangeError'{0x00000000ebac29a8}: Found class java.lang.Object, but interface was expected> (0x00000000ebac29a8) 
thrown [s\src\hotspot\share\interpreter\linkResolver.cpp, line 826]
Event: 5.422 Thread 0x000001ccccdb91e0 Exception <a 'java/lang/NoClassDefFoundError'{0x00000000ebf528c8}: javax/enterprise/inject/Typed> (0x00000000ebf528c8) 
thrown [s\src\hotspot\share\classfile\systemDictionary.cpp, line 245]
Event: 5.611 Thread 0x000001ccccdb8cd0 Exception <a 'java/io/FileNotFoundException'{0x00000000eba6f378}> (0x00000000eba6f378) 
thrown [s\src\hotspot\share\prims\jni.cpp, line 516]

VM Operations (20 events):
Event: 4.880 Executing VM operation: HandshakeAllThreads
Event: 4.881 Executing VM operation: HandshakeAllThreads done
Event: 4.942 Executing VM operation: HandshakeAllThreads
Event: 4.942 Executing VM operation: HandshakeAllThreads done
Event: 5.147 Executing VM operation: ParallelGCFailedAllocation
Event: 5.149 Executing VM operation: ParallelGCFailedAllocation done
Event: 5.391 Executing VM operation: HandshakeAllThreads
Event: 5.391 Executing VM operation: HandshakeAllThreads done
Event: 5.445 Executing VM operation: ParallelGCFailedAllocation
Event: 5.448 Executing VM operation: ParallelGCFailedAllocation done
Event: 5.591 Executing VM operation: HandshakeAllThreads
Event: 5.592 Executing VM operation: HandshakeAllThreads done
Event: 5.787 Executing VM operation: ParallelGCFailedAllocation
Event: 5.791 Executing VM operation: ParallelGCFailedAllocation done
Event: 6.107 Executing VM operation: HandshakeAllThreads
Event: 6.107 Executing VM operation: HandshakeAllThreads done
Event: 6.319 Executing VM operation: HandshakeAllThreads
Event: 6.319 Executing VM operation: HandshakeAllThreads done
Event: 6.366 Executing VM operation: ParallelGCFailedAllocation
Event: 6.368 Executing VM operation: ParallelGCFailedAllocation done

Events (20 events):
Event: 5.978 loading class java/lang/reflect/AnnotatedParameterizedType done
Event: 5.978 loading class sun/reflect/annotation/AnnotatedTypeFactory$AnnotatedParameterizedTypeImpl done
Event: 6.223 loading class sun/reflect/generics/scope/ConstructorScope
Event: 6.223 loading class sun/reflect/generics/scope/ConstructorScope done
Event: 6.223 loading class sun/reflect/generics/tree/VoidDescriptor
Event: 6.223 loading class sun/reflect/generics/tree/VoidDescriptor done
Event: 6.384 loading class java/util/concurrent/CompletionService
Event: 6.384 loading class java/util/concurrent/CompletionService done
Event: 6.398 loading class java/nio/channels/SocketChannel
Event: 6.398 loading class java/nio/channels/NetworkChannel
Event: 6.398 loading class java/nio/channels/NetworkChannel done
Event: 6.398 loading class java/nio/channels/spi/AbstractSelectableChannel
Event: 6.398 loading class java/nio/channels/spi/AbstractSelectableChannel done
Event: 6.398 loading class java/nio/channels/SocketChannel done
Event: 6.399 loading class java/nio/channels/ServerSocketChannel
Event: 6.399 loading class java/nio/channels/ServerSocketChannel done
Event: 6.400 loading class javax/net/ssl/SSLSocketFactory
Event: 6.400 loading class javax/net/SocketFactory
Event: 6.401 loading class javax/net/SocketFactory done
Event: 6.401 loading class javax/net/ssl/SSLSocketFactory done


Dynamic libraries:
0x00007ff64a530000 - 0x00007ff64a53e000 	c:\Users\Youcode\.vscode\extensions\redhat.java-1.25.1-win32-x64\jre\17.0.9-win32-x86_64\bin\java.exe
0x00007ffc29250000 - 0x00007ffc29467000 	C:\WINDOWS\SYSTEM32\ntdll.dll
0x00007ffc28320000 - 0x00007ffc283e4000 	C:\WINDOWS\System32\KERNEL32.DLL
0x00007ffc26ad0000 - 0x00007ffc26e75000 	C:\WINDOWS\System32\KERNELBASE.dll
0x00007ffc269b0000 - 0x00007ffc26ac1000 	C:\WINDOWS\System32\ucrtbase.dll
0x00007ffc0dfd0000 - 0x00007ffc0dfe7000 	c:\Users\Youcode\.vscode\extensions\redhat.java-1.25.1-win32-x64\jre\17.0.9-win32-x86_64\bin\jli.dll
0x00007ffc0a4b0000 - 0x00007ffc0a4cb000 	c:\Users\Youcode\.vscode\extensions\redhat.java-1.25.1-win32-x64\jre\17.0.9-win32-x86_64\bin\VCRUNTIME140.dll
0x00007ffc27d30000 - 0x00007ffc27ede000 	C:\WINDOWS\System32\USER32.dll
0x00007ffc0d020000 - 0x00007ffc0d2b3000 	C:\WINDOWS\WinSxS\amd64_microsoft.windows.common-controls_6595b64144ccf1df_6.0.22621.2506_none_270c5ae97388e100\COMCTL32.dll
0x00007ffc26e80000 - 0x00007ffc26ea6000 	C:\WINDOWS\System32\win32u.dll
0x00007ffc27800000 - 0x00007ffc278a7000 	C:\WINDOWS\System32\msvcrt.dll
0x00007ffc291e0000 - 0x00007ffc29209000 	C:\WINDOWS\System32\GDI32.dll
0x00007ffc26890000 - 0x00007ffc269a9000 	C:\WINDOWS\System32\gdi32full.dll
0x00007ffc26730000 - 0x00007ffc267ca000 	C:\WINDOWS\System32\msvcp_win.dll
0x00007ffc287d0000 - 0x00007ffc28801000 	C:\WINDOWS\System32\IMM32.DLL
0x00007ffc0dbd0000 - 0x00007ffc0dbdc000 	c:\Users\Youcode\.vscode\extensions\redhat.java-1.25.1-win32-x64\jre\17.0.9-win32-x86_64\bin\vcruntime140_1.dll
0x00007ffbdfa20000 - 0x00007ffbdfaad000 	c:\Users\Youcode\.vscode\extensions\redhat.java-1.25.1-win32-x64\jre\17.0.9-win32-x86_64\bin\msvcp140.dll
0x00007ffbbb7e0000 - 0x00007ffbbc441000 	c:\Users\Youcode\.vscode\extensions\redhat.java-1.25.1-win32-x64\jre\17.0.9-win32-x86_64\bin\server\jvm.dll
0x00007ffc28260000 - 0x00007ffc28311000 	C:\WINDOWS\System32\ADVAPI32.dll
0x00007ffc283f0000 - 0x00007ffc28496000 	C:\WINDOWS\System32\sechost.dll
0x00007ffc28d90000 - 0x00007ffc28ea7000 	C:\WINDOWS\System32\RPCRT4.dll
0x00007ffc262e0000 - 0x00007ffc2632d000 	C:\WINDOWS\SYSTEM32\POWRPROF.dll
0x00007ffc1a4a0000 - 0x00007ffc1a4d4000 	C:\WINDOWS\SYSTEM32\WINMM.dll
0x00007ffc06450000 - 0x00007ffc06459000 	C:\WINDOWS\SYSTEM32\WSOCK32.dll
0x00007ffc1c3f0000 - 0x00007ffc1c3fa000 	C:\WINDOWS\SYSTEM32\VERSION.dll
0x00007ffc28090000 - 0x00007ffc28101000 	C:\WINDOWS\System32\WS2_32.dll
0x00007ffc262c0000 - 0x00007ffc262d3000 	C:\WINDOWS\SYSTEM32\UMPDC.dll
0x00007ffc25520000 - 0x00007ffc25538000 	C:\WINDOWS\SYSTEM32\kernel.appcore.dll
0x00007ffc0c830000 - 0x00007ffc0c83a000 	c:\Users\Youcode\.vscode\extensions\redhat.java-1.25.1-win32-x64\jre\17.0.9-win32-x86_64\bin\jimage.dll
0x00007ffc23a00000 - 0x00007ffc23c33000 	C:\WINDOWS\SYSTEM32\DBGHELP.DLL
0x00007ffc288d0000 - 0x00007ffc28c59000 	C:\WINDOWS\System32\combase.dll
0x00007ffc286e0000 - 0x00007ffc287b7000 	C:\WINDOWS\System32\OLEAUT32.dll
0x00007ffc14490000 - 0x00007ffc144c2000 	C:\WINDOWS\SYSTEM32\dbgcore.DLL
0x00007ffc26f20000 - 0x00007ffc26f9a000 	C:\WINDOWS\System32\bcryptPrimitives.dll
0x00007ffc0c6f0000 - 0x00007ffc0c6fe000 	c:\Users\Youcode\.vscode\extensions\redhat.java-1.25.1-win32-x64\jre\17.0.9-win32-x86_64\bin\instrument.dll
0x00007ffbe89c0000 - 0x00007ffbe89e5000 	c:\Users\Youcode\.vscode\extensions\redhat.java-1.25.1-win32-x64\jre\17.0.9-win32-x86_64\bin\java.dll
0x00007ffc09b50000 - 0x00007ffc09b68000 	c:\Users\Youcode\.vscode\extensions\redhat.java-1.25.1-win32-x64\jre\17.0.9-win32-x86_64\bin\zip.dll
0x00007ffc26fa0000 - 0x00007ffc277f9000 	C:\WINDOWS\System32\SHELL32.dll
0x00007ffc24490000 - 0x00007ffc24d84000 	C:\WINDOWS\SYSTEM32\windows.storage.dll
0x00007ffc24350000 - 0x00007ffc2448e000 	C:\WINDOWS\SYSTEM32\wintypes.dll
0x00007ffc27f00000 - 0x00007ffc27ff3000 	C:\WINDOWS\System32\SHCORE.dll
0x00007ffc28d10000 - 0x00007ffc28d6e000 	C:\WINDOWS\System32\shlwapi.dll
0x00007ffc264f0000 - 0x00007ffc26516000 	C:\WINDOWS\SYSTEM32\profapi.dll
0x00007ffbfa050000 - 0x00007ffbfa069000 	C:\Users\Youcode\.vscode\extensions\redhat.java-1.25.1-win32-x64\jre\17.0.9-win32-x86_64\bin\net.dll
0x00007ffc1c500000 - 0x00007ffc1c637000 	C:\WINDOWS\SYSTEM32\WINHTTP.dll
0x00007ffc259f0000 - 0x00007ffc25a59000 	C:\WINDOWS\system32\mswsock.dll
0x00007ffbf2570000 - 0x00007ffbf2586000 	C:\Users\Youcode\.vscode\extensions\redhat.java-1.25.1-win32-x64\jre\17.0.9-win32-x86_64\bin\nio.dll
0x00007ffc0b460000 - 0x00007ffc0b470000 	c:\Users\Youcode\.vscode\extensions\redhat.java-1.25.1-win32-x64\jre\17.0.9-win32-x86_64\bin\verify.dll
0x00007ffbe3f90000 - 0x00007ffbe3fce000 	C:\Users\Youcode\AppData\Roaming\Code\User\globalStorage\redhat.java\1.25.1\config_win\org.eclipse.equinox.launcher\org.eclipse.equinox.launcher.win32.win32.x86_64_1.2.800.v20231003-1442\eclipse_11802.dll
0x00007ffc284a0000 - 0x00007ffc28640000 	C:\WINDOWS\System32\ole32.dll
0x00007ffc25d40000 - 0x00007ffc25d5b000 	C:\WINDOWS\SYSTEM32\CRYPTSP.dll
0x00007ffc254e0000 - 0x00007ffc25515000 	C:\WINDOWS\system32\rsaenh.dll
0x00007ffc25a90000 - 0x00007ffc25abc000 	C:\WINDOWS\SYSTEM32\USERENV.dll
0x00007ffc25e80000 - 0x00007ffc25ea8000 	C:\WINDOWS\SYSTEM32\bcrypt.dll
0x00007ffc25d20000 - 0x00007ffc25d2c000 	C:\WINDOWS\SYSTEM32\CRYPTBASE.dll
0x00007ffc24ff0000 - 0x00007ffc2501d000 	C:\WINDOWS\SYSTEM32\IPHLPAPI.DLL
0x00007ffc286d0000 - 0x00007ffc286d9000 	C:\WINDOWS\System32\NSI.dll
0x00007ffc1d050000 - 0x00007ffc1d069000 	C:\WINDOWS\SYSTEM32\dhcpcsvc6.DLL
0x00007ffc1c4e0000 - 0x00007ffc1c4ff000 	C:\WINDOWS\SYSTEM32\dhcpcsvc.DLL
0x00007ffc25020000 - 0x00007ffc25119000 	C:\WINDOWS\SYSTEM32\DNSAPI.dll
0x00007ffbdf9d0000 - 0x00007ffbdfa15000 	C:\Users\Youcode\AppData\Local\Temp\jna-672395884\jna14326540547517534597.dll
0x00007ffc28640000 - 0x00007ffc28648000 	C:\WINDOWS\System32\PSAPI.DLL

dbghelp: loaded successfully - version: 4.0.5 - missing functions: none
symbol engine: initialized successfully - sym options: 0x614 - pdb path: .;c:\Users\Youcode\.vscode\extensions\redhat.java-1.25.1-win32-x64\jre\17.0.9-win32-x86_64\bin;C:\WINDOWS\SYSTEM32;C:\WINDOWS\WinSxS\amd64_microsoft.windows.common-controls_6595b64144ccf1df_6.0.22621.2506_none_270c5ae97388e100;c:\Users\Youcode\.vscode\extensions\redhat.java-1.25.1-win32-x64\jre\17.0.9-win32-x86_64\bin\server;C:\Users\Youcode\AppData\Roaming\Code\User\globalStorage\redhat.java\1.25.1\config_win\org.eclipse.equinox.launcher\org.eclipse.equinox.launcher.win32.win32.x86_64_1.2.800.v20231003-1442;C:\Users\Youcode\AppData\Local\Temp\jna-672395884

VM Arguments:
jvm_args: --add-modules=ALL-SYSTEM --add-opens=java.base/java.util=ALL-UNNAMED --add-opens=java.base/java.lang=ALL-UNNAMED --add-opens=java.base/sun.nio.fs=ALL-UNNAMED -Declipse.application=org.eclipse.jdt.ls.core.id1 -Dosgi.bundles.defaultStartLevel=4 -Declipse.product=org.eclipse.jdt.ls.core.product -Djava.import.generatesMetadataFilesAtProjectRoot=false -DDetectVMInstallationsJob.disabled=true -Dfile.encoding=utf8 -XX:+UseParallelGC -XX:GCTimeRatio=4 -XX:AdaptiveSizePolicyWeight=90 -Dsun.zip.disableMemoryMapping=true -Xmx1G -Xms100m -Xlog:disable -javaagent:c:\Users\Youcode\.vscode\extensions\redhat.java-1.25.1-win32-x64\lombok\lombok-1.18.30.jar -XX:+HeapDumpOnOutOfMemoryError -XX:HeapDumpPath=c:\Users\Youcode\AppData\Roaming\Code\User\workspaceStorage\2b004c519599c178a5f83e89781b5b6a\redhat.java -Daether.dependencyCollector.impl=bf 
java_command: c:\Users\Youcode\.vscode\extensions\redhat.java-1.25.1-win32-x64\server\plugins\org.eclipse.equinox.launcher_1.6.600.v20231106-1826.jar -configuration c:\Users\Youcode\AppData\Roaming\Code\User\globalStorage\redhat.java\1.25.1\config_win -data c:\Users\Youcode\AppData\Roaming\Code\User\workspaceStorage\2b004c519599c178a5f83e89781b5b6a\redhat.java\jdt_ws --stdio
java_class_path (initial): c:\Users\Youcode\.vscode\extensions\redhat.java-1.25.1-win32-x64\server\plugins\org.eclipse.equinox.launcher_1.6.600.v20231106-1826.jar
Launcher Type: SUN_STANDARD

[Global flags]
    uintx AdaptiveSizePolicyWeight                 = 90                                        {product} {command line}
     intx CICompilerCount                          = 4                                         {product} {ergonomic}
    uintx GCTimeRatio                              = 4                                         {product} {command line}
     bool HeapDumpOnOutOfMemoryError               = true                                   {manageable} {command line}
    ccstr HeapDumpPath                             = c:\Users\Youcode\AppData\Roaming\Code\User\workspaceStorage\2b004c519599c178a5f83e89781b5b6a\redhat.java         {manageable} {command line}
   size_t InitialHeapSize                          = 104857600                                 {product} {command line}
   size_t MaxHeapSize                              = 1073741824                                {product} {command line}
   size_t MaxNewSize                               = 357564416                                 {product} {ergonomic}
   size_t MinHeapDeltaBytes                        = 524288                                    {product} {ergonomic}
   size_t MinHeapSize                              = 104857600                                 {product} {command line}
   size_t NewSize                                  = 34603008                                  {product} {ergonomic}
    uintx NonNMethodCodeHeapSize                   = 5839372                                {pd product} {ergonomic}
    uintx NonProfiledCodeHeapSize                  = 122909434                              {pd product} {ergonomic}
   size_t OldSize                                  = 70254592                                  {product} {ergonomic}
    uintx ProfiledCodeHeapSize                     = 122909434                              {pd product} {ergonomic}
    uintx ReservedCodeCacheSize                    = 251658240                              {pd product} {ergonomic}
     bool SegmentedCodeCache                       = true                                      {product} {ergonomic}
   size_t SoftMaxHeapSize                          = 1073741824                             {manageable} {ergonomic}
     bool UseCompressedClassPointers               = true                           {product lp64_product} {ergonomic}
     bool UseCompressedOops                        = true                           {product lp64_product} {ergonomic}
     bool UseLargePagesIndividualAllocation        = false                                  {pd product} {ergonomic}
     bool UseParallelGC                            = true                                      {product} {command line}

Logging:
Log output configuration:
 #0: stdout all=off uptime,level,tags
 #1: stderr all=off uptime,level,tags

Environment Variables:
JAVA_HOME=C:\Program Files\Java\jdk-17
PATH=C:\Program Files\Python312\Scripts\;C:\Program Files\Python312\;C:\Program Files\Common Files\Oracle\Java\javapath;C:\WINDOWS\system32;C:\WINDOWS;C:\WINDOWS\System32\Wbem;C:\WINDOWS\System32\WindowsPowerShell\v1.0\;C:\WINDOWS\System32\OpenSSH\;C:\Program Files (x86)\Git\cmd;C:\xampp\php;C:\ProgramData\ComposerSetup\bin;C:\Program Files\Docker\Docker\resources\bin;C:\Program Files\Java\jdk-17\bin;C:\Program Files\apache-maven-3.9.2\bin;C:\Program Files\nodejs\;C:\ProgramData\chocolatey\bin;C:\Program Files\Java\jdk-17\bin;%CATALINA_HOME%\bin;C:\Program Files\apache-maven-3.9.5\bin;C:\Java\javafx-sdk-21.0.1\bin;C:\Program Files\apache-maven-3.9.5\bin;C:\Users\Youcode\AppData\Local\Microsoft\WindowsApps;C:\Program Files\JetBrainsULTM\IntelliJ IDEA 2023.2.5\bin;;C:\Users\Youcode\AppData\Roaming\Composer\vendor\bin;C:\MinGW\bin;C:\Program Files\JetBrains\IntelliJ IDEA Community Edition 2023.2.2\bin;;C:\Program Files\MySQL\MySQL Server 8.0\bin;C:\xampp\apache\bin;C:\xampp\mysql\bin;C:\Users\Youcode\AppData\Roaming\npm;C:\tools\dart-sdk\bin;C:\Users\Youcode\AppData\Roaming\Pub\Cache\bin;C:\src\flutter\bin;C:\Program Files\Java\jdk-17\bin;C:\Program Files\JetBrains\WebStorm 2023.2.5\bin;;C:\Users\Youcode\AppData\Local\Programs\Microsoft VS Code\bin
USERNAME=Youcode
OS=Windows_NT
PROCESSOR_IDENTIFIER=Intel64 Family 6 Model 140 Stepping 1, GenuineIntel
TMP=C:\Users\Youcode\AppData\Local\Temp
TEMP=C:\Users\Youcode\AppData\Local\Temp



Periodic native trim disabled


---------------  S Y S T E M  ---------------

OS:
 Windows 11 , 64 bit Build 22621 (10.0.22621.2506)
OS uptime: 24 days 20:57 hours
Hyper-V role detected

CPU: total 8 (initial active 8) (4 cores per cpu, 2 threads per core) family 6 model 140 stepping 1 microcode 0xac, cx8, cmov, fxsr, ht, mmx, 3dnowpref, sse, sse2, sse3, ssse3, sse4.1, sse4.2, popcnt, lzcnt, tsc, tscinvbit, avx, avx2, aes, erms, clmul, bmi1, bmi2, adx, avx512f, avx512dq, avx512cd, avx512bw, avx512vl, sha, fma, vzeroupper, avx512_vpopcntdq, avx512_vpclmulqdq, avx512_vaes, avx512_vnni, clflush, clflushopt, clwb, avx512_vbmi2, avx512_vbmi, hv
Processor Information for processor 0
  Max Mhz: 1382, Current Mhz: 1382, Mhz Limit: 1382
Processor Information for processor 1
  Max Mhz: 1382, Current Mhz: 1382, Mhz Limit: 1382
Processor Information for processor 2
  Max Mhz: 1382, Current Mhz: 1382, Mhz Limit: 1382
Processor Information for processor 3
  Max Mhz: 1382, Current Mhz: 987, Mhz Limit: 1382
Processor Information for processor 4
  Max Mhz: 1382, Current Mhz: 1382, Mhz Limit: 1382
Processor Information for processor 5
  Max Mhz: 1382, Current Mhz: 1382, Mhz Limit: 1382
Processor Information for processor 6
  Max Mhz: 1382, Current Mhz: 987, Mhz Limit: 1382
Processor Information for processor 7
  Max Mhz: 1382, Current Mhz: 1382, Mhz Limit: 1382

Memory: 4k page, system-wide physical 7585M (243M free)
TotalPageFile size 31137M (AvailPageFile size 13M)
current process WorkingSet (physical memory assigned to process): 201M, peak: 209M
current process commit charge ("private bytes"): 294M, peak: 305M

vm_info: OpenJDK 64-Bit Server VM (17.0.9+9) for windows-amd64 JRE (17.0.9+9), built on Oct 26 2023 14:01:42 by "admin" with MS VC++ 16.10 / 16.11 (VS2019)

END.
